<?xml version="1.0" encoding="UTF-8"?>
<coverage generated="1618158633545" clover="3.2.0">
  <project timestamp="1618158633545" name="All files">
    <metrics statements="225" coveredstatements="163" conditionals="185" coveredconditionals="86" methods="62" coveredmethods="40" elements="472" coveredelements="289" complexity="0" loc="225" ncloc="225" packages="1" files="5" classes="5"/>
    <file name="api.ts" path="C:\Scratchpad\example-repo\vanilla-gen\api.ts">
      <metrics statements="199" coveredstatements="150" conditionals="173" coveredconditionals="83" methods="56" coveredmethods="36"/>
      <line num="15" count="1" type="stmt"/>
      <line num="17" count="1" type="stmt"/>
      <line num="20" count="1" type="stmt"/>
      <line num="27" count="1" type="cond" truecount="2" falsecount="0"/>
      <line num="28" count="1" type="stmt"/>
      <line num="175" count="1" type="cond" truecount="2" falsecount="0"/>
      <line num="176" count="1" type="stmt"/>
      <line num="177" count="1" type="stmt"/>
      <line num="178" count="1" type="stmt"/>
      <line num="179" count="1" type="stmt"/>
      <line num="180" count="1" type="stmt"/>
      <line num="213" count="1" type="cond" truecount="2" falsecount="0"/>
      <line num="214" count="1" type="stmt"/>
      <line num="222" count="7" type="stmt"/>
      <line num="223" count="7" type="stmt"/>
      <line num="230" count="2" type="cond" truecount="1" falsecount="1"/>
      <line num="232" count="1" type="cond" truecount="3" falsecount="1"/>
      <line num="233" count="0" type="stmt"/>
      <line num="235" count="1" type="stmt"/>
      <line num="236" count="1" type="stmt"/>
      <line num="238" count="1" type="cond" truecount="1" falsecount="1"/>
      <line num="239" count="0" type="stmt"/>
      <line num="241" count="1" type="stmt"/>
      <line num="242" count="1" type="stmt"/>
      <line num="243" count="1" type="stmt"/>
      <line num="247" count="1" type="stmt"/>
      <line num="249" count="1" type="stmt"/>
      <line num="251" count="1" type="stmt"/>
      <line num="252" count="1" type="cond" truecount="2" falsecount="2"/>
      <line num="253" count="1" type="stmt"/>
      <line num="254" count="1" type="cond" truecount="1" falsecount="1"/>
      <line num="255" count="1" type="cond" truecount="2" falsecount="4"/>
      <line num="257" count="1" type="stmt"/>
      <line num="269" count="2" type="cond" truecount="1" falsecount="1"/>
      <line num="271" count="1" type="cond" truecount="3" falsecount="1"/>
      <line num="272" count="0" type="stmt"/>
      <line num="275" count="1" type="cond" truecount="3" falsecount="1"/>
      <line num="276" count="0" type="stmt"/>
      <line num="278" count="1" type="stmt"/>
      <line num="280" count="1" type="stmt"/>
      <line num="282" count="1" type="cond" truecount="1" falsecount="1"/>
      <line num="283" count="0" type="stmt"/>
      <line num="285" count="1" type="stmt"/>
      <line num="286" count="1" type="stmt"/>
      <line num="287" count="1" type="stmt"/>
      <line num="291" count="1" type="stmt"/>
      <line num="293" count="1" type="stmt"/>
      <line num="295" count="1" type="stmt"/>
      <line num="296" count="1" type="cond" truecount="2" falsecount="2"/>
      <line num="297" count="1" type="stmt"/>
      <line num="298" count="1" type="cond" truecount="1" falsecount="1"/>
      <line num="299" count="1" type="cond" truecount="2" falsecount="4"/>
      <line num="301" count="1" type="stmt"/>
      <line num="312" count="2" type="cond" truecount="1" falsecount="1"/>
      <line num="314" count="1" type="cond" truecount="3" falsecount="1"/>
      <line num="315" count="0" type="stmt"/>
      <line num="317" count="1" type="stmt"/>
      <line num="319" count="1" type="stmt"/>
      <line num="321" count="1" type="cond" truecount="1" falsecount="1"/>
      <line num="322" count="0" type="stmt"/>
      <line num="324" count="1" type="stmt"/>
      <line num="325" count="1" type="stmt"/>
      <line num="326" count="1" type="stmt"/>
      <line num="330" count="1" type="stmt"/>
      <line num="332" count="1" type="stmt"/>
      <line num="333" count="1" type="cond" truecount="2" falsecount="2"/>
      <line num="334" count="1" type="stmt"/>
      <line num="336" count="1" type="stmt"/>
      <line num="347" count="2" type="cond" truecount="1" falsecount="1"/>
      <line num="349" count="1" type="cond" truecount="3" falsecount="1"/>
      <line num="350" count="0" type="stmt"/>
      <line num="352" count="1" type="stmt"/>
      <line num="354" count="1" type="stmt"/>
      <line num="356" count="1" type="cond" truecount="1" falsecount="1"/>
      <line num="357" count="0" type="stmt"/>
      <line num="359" count="1" type="stmt"/>
      <line num="360" count="1" type="stmt"/>
      <line num="361" count="1" type="stmt"/>
      <line num="365" count="1" type="stmt"/>
      <line num="367" count="1" type="stmt"/>
      <line num="368" count="1" type="cond" truecount="2" falsecount="2"/>
      <line num="369" count="1" type="stmt"/>
      <line num="371" count="1" type="stmt"/>
      <line num="385" count="4" type="cond" truecount="1" falsecount="1"/>
      <line num="386" count="2" type="stmt"/>
      <line num="387" count="2" type="stmt"/>
      <line num="389" count="2" type="cond" truecount="1" falsecount="1"/>
      <line num="390" count="0" type="stmt"/>
      <line num="392" count="2" type="stmt"/>
      <line num="393" count="2" type="stmt"/>
      <line num="394" count="2" type="stmt"/>
      <line num="396" count="2" type="cond" truecount="2" falsecount="0"/>
      <line num="397" count="1" type="stmt"/>
      <line num="400" count="2" type="cond" truecount="1" falsecount="1"/>
      <line num="401" count="0" type="stmt"/>
      <line num="404" count="2" type="cond" truecount="1" falsecount="1"/>
      <line num="405" count="0" type="stmt"/>
      <line num="408" count="2" type="cond" truecount="1" falsecount="1"/>
      <line num="409" count="0" type="stmt"/>
      <line num="414" count="2" type="stmt"/>
      <line num="416" count="2" type="stmt"/>
      <line num="417" count="2" type="cond" truecount="2" falsecount="2"/>
      <line num="418" count="2" type="stmt"/>
      <line num="420" count="2" type="stmt"/>
      <line num="432" count="2" type="cond" truecount="1" falsecount="1"/>
      <line num="434" count="1" type="cond" truecount="3" falsecount="1"/>
      <line num="435" count="0" type="stmt"/>
      <line num="438" count="1" type="cond" truecount="3" falsecount="1"/>
      <line num="439" count="0" type="stmt"/>
      <line num="441" count="1" type="stmt"/>
      <line num="443" count="1" type="stmt"/>
      <line num="445" count="1" type="cond" truecount="1" falsecount="1"/>
      <line num="446" count="0" type="stmt"/>
      <line num="448" count="1" type="stmt"/>
      <line num="449" count="1" type="stmt"/>
      <line num="450" count="1" type="stmt"/>
      <line num="454" count="1" type="stmt"/>
      <line num="456" count="1" type="stmt"/>
      <line num="458" count="1" type="stmt"/>
      <line num="459" count="1" type="cond" truecount="2" falsecount="2"/>
      <line num="460" count="1" type="stmt"/>
      <line num="461" count="1" type="cond" truecount="1" falsecount="1"/>
      <line num="462" count="1" type="cond" truecount="2" falsecount="4"/>
      <line num="464" count="1" type="stmt"/>
      <line num="476" count="0" type="cond" truecount="0" falsecount="2"/>
      <line num="478" count="0" type="cond" truecount="0" falsecount="4"/>
      <line num="479" count="0" type="stmt"/>
      <line num="482" count="0" type="cond" truecount="0" falsecount="4"/>
      <line num="483" count="0" type="stmt"/>
      <line num="485" count="0" type="stmt"/>
      <line num="487" count="0" type="stmt"/>
      <line num="489" count="0" type="cond" truecount="0" falsecount="2"/>
      <line num="490" count="0" type="stmt"/>
      <line num="492" count="0" type="stmt"/>
      <line num="493" count="0" type="stmt"/>
      <line num="494" count="0" type="stmt"/>
      <line num="498" count="0" type="stmt"/>
      <line num="500" count="0" type="stmt"/>
      <line num="502" count="0" type="stmt"/>
      <line num="503" count="0" type="cond" truecount="0" falsecount="4"/>
      <line num="504" count="0" type="stmt"/>
      <line num="505" count="0" type="cond" truecount="0" falsecount="2"/>
      <line num="506" count="0" type="cond" truecount="0" falsecount="6"/>
      <line num="508" count="0" type="stmt"/>
      <line num="520" count="1" type="stmt"/>
      <line num="521" count="7" type="stmt"/>
      <line num="529" count="1" type="cond" truecount="1" falsecount="0"/>
      <line num="530" count="1" type="cond" truecount="2" falsecount="2"/>
      <line num="531" count="1" type="stmt"/>
      <line num="532" count="1" type="stmt"/>
      <line num="543" count="1" type="cond" truecount="1" falsecount="0"/>
      <line num="544" count="1" type="cond" truecount="2" falsecount="2"/>
      <line num="545" count="1" type="stmt"/>
      <line num="546" count="1" type="stmt"/>
      <line num="556" count="1" type="cond" truecount="1" falsecount="0"/>
      <line num="557" count="1" type="cond" truecount="2" falsecount="2"/>
      <line num="558" count="1" type="stmt"/>
      <line num="559" count="1" type="stmt"/>
      <line num="569" count="1" type="cond" truecount="1" falsecount="0"/>
      <line num="570" count="1" type="cond" truecount="2" falsecount="2"/>
      <line num="571" count="1" type="stmt"/>
      <line num="572" count="1" type="stmt"/>
      <line num="585" count="2" type="cond" truecount="1" falsecount="0"/>
      <line num="586" count="2" type="cond" truecount="2" falsecount="2"/>
      <line num="587" count="2" type="stmt"/>
      <line num="588" count="2" type="stmt"/>
      <line num="599" count="1" type="cond" truecount="1" falsecount="0"/>
      <line num="600" count="1" type="cond" truecount="2" falsecount="2"/>
      <line num="601" count="1" type="stmt"/>
      <line num="602" count="1" type="stmt"/>
      <line num="613" count="0" type="cond" truecount="0" falsecount="1"/>
      <line num="614" count="0" type="cond" truecount="0" falsecount="4"/>
      <line num="615" count="0" type="stmt"/>
      <line num="616" count="0" type="stmt"/>
      <line num="626" count="1" type="stmt"/>
      <line num="627" count="0" type="stmt"/>
      <line num="635" count="0" type="stmt"/>
      <line num="645" count="0" type="stmt"/>
      <line num="654" count="0" type="stmt"/>
      <line num="663" count="0" type="stmt"/>
      <line num="675" count="0" type="stmt"/>
      <line num="685" count="0" type="stmt"/>
      <line num="695" count="0" type="stmt"/>
      <line num="706" count="1" type="stmt"/>
      <line num="714" count="1" type="stmt"/>
      <line num="715" count="1" type="stmt"/>
      <line num="726" count="1" type="stmt"/>
      <line num="727" count="1" type="stmt"/>
      <line num="737" count="1" type="stmt"/>
      <line num="738" count="1" type="stmt"/>
      <line num="748" count="1" type="stmt"/>
      <line num="749" count="1" type="stmt"/>
      <line num="762" count="2" type="stmt"/>
      <line num="763" count="2" type="stmt"/>
      <line num="774" count="1" type="stmt"/>
      <line num="775" count="1" type="stmt"/>
      <line num="786" count="1" type="stmt"/>
      <line num="787" count="0" type="stmt"/>
      <line num="790" count="1" type="stmt"/>
    </file>
    <file name="base.ts" path="C:\Scratchpad\example-repo\vanilla-gen\base.ts">
      <metrics statements="14" coveredstatements="9" conditionals="10" coveredconditionals="3" methods="4" coveredmethods="3"/>
      <line num="18" count="1" type="stmt"/>
      <line num="20" count="1" type="stmt"/>
      <line num="26" count="1" type="stmt"/>
      <line num="48" count="1" type="stmt"/>
      <line num="51" count="2" type="cond" truecount="2" falsecount="2"/>
      <line num="52" count="1" type="cond" truecount="1" falsecount="1"/>
      <line num="53" count="0" type="stmt"/>
      <line num="54" count="0" type="cond" truecount="0" falsecount="2"/>
      <line num="57" count="1" type="stmt"/>
      <line num="65" count="1" type="stmt"/>
      <line num="66" count="0" type="stmt"/>
      <line num="67" count="0" type="stmt"/>
      <line num="68" count="0" type="cond" truecount="0" falsecount="2"/>
      <line num="70" count="1" type="stmt"/>
    </file>
    <file name="configuration.ts" path="C:\Scratchpad\example-repo\vanilla-gen\configuration.ts">
      <metrics statements="9" coveredstatements="2" conditionals="2" coveredconditionals="0" methods="2" coveredmethods="1"/>
      <line num="24" count="1" type="stmt"/>
      <line num="67" count="0" type="cond" truecount="0" falsecount="2"/>
      <line num="68" count="0" type="stmt"/>
      <line num="69" count="0" type="stmt"/>
      <line num="70" count="0" type="stmt"/>
      <line num="71" count="0" type="stmt"/>
      <line num="72" count="0" type="stmt"/>
      <line num="73" count="0" type="stmt"/>
      <line num="75" count="1" type="stmt"/>
    </file>
    <file name="index.ts" path="C:\Scratchpad\example-repo\vanilla-gen\index.ts">
      <metrics statements="2" coveredstatements="2" conditionals="0" coveredconditionals="0" methods="0" coveredmethods="0"/>
      <line num="15" count="1" type="stmt"/>
      <line num="16" count="1" type="stmt"/>
    </file>
    <file name="jest.config.ts" path="C:\Scratchpad\example-repo\vanilla-gen\jest.config.ts">
      <metrics statements="1" coveredstatements="0" conditionals="0" coveredconditionals="0" methods="0" coveredmethods="0"/>
      <line num="2" count="0" type="stmt"/>
    </file>
  </project>
</coverage>
