{"C:\\Scratchpad\\example-repo\\vanilla-gen\\api.ts": {"path":"C:\\Scratchpad\\example-repo\\vanilla-gen\\api.ts","statementMap":{"0":{"start":{"line":15,"column":0},"end":{"line":15,"column":39}},"1":{"start":{"line":17,"column":0},"end":{"line":17,"column":65}},"2":{"start":{"line":20,"column":0},"end":{"line":20,"column":92}},"3":{"start":{"line":27,"column":0},"end":{"line":27,"column":null}},"4":{"start":{"line":28,"column":4},"end":{"line":28,"column":null}},"5":{"start":{"line":175,"column":0},"end":{"line":175,"column":null}},"6":{"start":{"line":176,"column":4},"end":{"line":176,"column":null}},"7":{"start":{"line":177,"column":4},"end":{"line":177,"column":null}},"8":{"start":{"line":178,"column":4},"end":{"line":178,"column":null}},"9":{"start":{"line":179,"column":4},"end":{"line":179,"column":null}},"10":{"start":{"line":180,"column":4},"end":{"line":180,"column":null}},"11":{"start":{"line":213,"column":0},"end":{"line":213,"column":null}},"12":{"start":{"line":214,"column":4},"end":{"line":214,"column":null}},"13":{"start":{"line":222,"column":13},"end":{"line":514,"column":2}},"14":{"start":{"line":222,"column":43},"end":{"line":222,"column":53}},"15":{"start":{"line":223,"column":4},"end":{"line":513,"column":null}},"16":{"start":{"line":230,"column":129},"end":{"line":230,"column":null}},"17":{"start":{"line":232,"column":12},"end":{"line":234,"column":null}},"18":{"start":{"line":233,"column":16},"end":{"line":233,"column":211}},"19":{"start":{"line":235,"column":18},"end":{"line":235,"column":59}},"20":{"start":{"line":236,"column":18},"end":{"line":236,"column":77}},"21":{"start":{"line":238,"column":12},"end":{"line":240,"column":null}},"22":{"start":{"line":239,"column":16},"end":{"line":239,"column":56}},"23":{"start":{"line":241,"column":18},"end":{"line":241,"column":89}},"24":{"start":{"line":242,"column":18},"end":{"line":242,"column":54}},"25":{"start":{"line":243,"column":18},"end":{"line":243,"column":53}},"26":{"start":{"line":247,"column":12},"end":{"line":247,"column":73}},"27":{"start":{"line":249,"column":12},"end":{"line":249,"column":106}},"28":{"start":{"line":251,"column":12},"end":{"line":251,"column":41}},"29":{"start":{"line":252,"column":16},"end":{"line":252,"column":103}},"30":{"start":{"line":253,"column":12},"end":{"line":253,"column":121}},"31":{"start":{"line":254,"column":18},"end":{"line":254,"column":180}},"32":{"start":{"line":255,"column":12},"end":{"line":255,"column":249}},"33":{"start":{"line":257,"column":12},"end":{"line":260,"column":14}},"34":{"start":{"line":269,"column":86},"end":{"line":269,"column":null}},"35":{"start":{"line":271,"column":12},"end":{"line":273,"column":null}},"36":{"start":{"line":272,"column":16},"end":{"line":272,"column":136}},"37":{"start":{"line":275,"column":12},"end":{"line":277,"column":null}},"38":{"start":{"line":276,"column":16},"end":{"line":276,"column":154}},"39":{"start":{"line":278,"column":18},"end":{"line":279,"column":74}},"40":{"start":{"line":280,"column":18},"end":{"line":280,"column":77}},"41":{"start":{"line":282,"column":12},"end":{"line":284,"column":null}},"42":{"start":{"line":283,"column":16},"end":{"line":283,"column":56}},"43":{"start":{"line":285,"column":18},"end":{"line":285,"column":88}},"44":{"start":{"line":286,"column":18},"end":{"line":286,"column":54}},"45":{"start":{"line":287,"column":18},"end":{"line":287,"column":53}},"46":{"start":{"line":291,"column":12},"end":{"line":291,"column":73}},"47":{"start":{"line":293,"column":12},"end":{"line":293,"column":106}},"48":{"start":{"line":295,"column":12},"end":{"line":295,"column":41}},"49":{"start":{"line":296,"column":16},"end":{"line":296,"column":103}},"50":{"start":{"line":297,"column":12},"end":{"line":297,"column":121}},"51":{"start":{"line":298,"column":18},"end":{"line":298,"column":148}},"52":{"start":{"line":299,"column":12},"end":{"line":299,"column":153}},"53":{"start":{"line":301,"column":12},"end":{"line":304,"column":14}},"54":{"start":{"line":312,"column":49},"end":{"line":312,"column":null}},"55":{"start":{"line":314,"column":12},"end":{"line":316,"column":null}},"56":{"start":{"line":315,"column":16},"end":{"line":315,"column":129}},"57":{"start":{"line":317,"column":18},"end":{"line":318,"column":74}},"58":{"start":{"line":319,"column":18},"end":{"line":319,"column":77}},"59":{"start":{"line":321,"column":12},"end":{"line":323,"column":null}},"60":{"start":{"line":322,"column":16},"end":{"line":322,"column":56}},"61":{"start":{"line":324,"column":18},"end":{"line":324,"column":91}},"62":{"start":{"line":325,"column":18},"end":{"line":325,"column":54}},"63":{"start":{"line":326,"column":18},"end":{"line":326,"column":53}},"64":{"start":{"line":330,"column":12},"end":{"line":330,"column":106}},"65":{"start":{"line":332,"column":12},"end":{"line":332,"column":41}},"66":{"start":{"line":333,"column":16},"end":{"line":333,"column":103}},"67":{"start":{"line":334,"column":12},"end":{"line":334,"column":121}},"68":{"start":{"line":336,"column":12},"end":{"line":339,"column":14}},"69":{"start":{"line":347,"column":46},"end":{"line":347,"column":null}},"70":{"start":{"line":349,"column":12},"end":{"line":351,"column":null}},"71":{"start":{"line":350,"column":16},"end":{"line":350,"column":126}},"72":{"start":{"line":352,"column":18},"end":{"line":353,"column":74}},"73":{"start":{"line":354,"column":18},"end":{"line":354,"column":77}},"74":{"start":{"line":356,"column":12},"end":{"line":358,"column":null}},"75":{"start":{"line":357,"column":16},"end":{"line":357,"column":56}},"76":{"start":{"line":359,"column":18},"end":{"line":359,"column":88}},"77":{"start":{"line":360,"column":18},"end":{"line":360,"column":54}},"78":{"start":{"line":361,"column":18},"end":{"line":361,"column":53}},"79":{"start":{"line":365,"column":12},"end":{"line":365,"column":106}},"80":{"start":{"line":367,"column":12},"end":{"line":367,"column":41}},"81":{"start":{"line":368,"column":16},"end":{"line":368,"column":103}},"82":{"start":{"line":369,"column":12},"end":{"line":369,"column":121}},"83":{"start":{"line":371,"column":12},"end":{"line":374,"column":14}},"84":{"start":{"line":385,"column":121},"end":{"line":385,"column":null}},"85":{"start":{"line":386,"column":18},"end":{"line":386,"column":59}},"86":{"start":{"line":387,"column":18},"end":{"line":387,"column":77}},"87":{"start":{"line":389,"column":12},"end":{"line":391,"column":null}},"88":{"start":{"line":390,"column":16},"end":{"line":390,"column":56}},"89":{"start":{"line":392,"column":18},"end":{"line":392,"column":88}},"90":{"start":{"line":393,"column":18},"end":{"line":393,"column":54}},"91":{"start":{"line":394,"column":18},"end":{"line":394,"column":53}},"92":{"start":{"line":396,"column":12},"end":{"line":398,"column":null}},"93":{"start":{"line":397,"column":16},"end":{"line":397,"column":60}},"94":{"start":{"line":400,"column":12},"end":{"line":402,"column":null}},"95":{"start":{"line":401,"column":16},"end":{"line":401,"column":62}},"96":{"start":{"line":404,"column":12},"end":{"line":406,"column":null}},"97":{"start":{"line":405,"column":16},"end":{"line":405,"column":54}},"98":{"start":{"line":408,"column":12},"end":{"line":410,"column":null}},"99":{"start":{"line":409,"column":16},"end":{"line":409,"column":62}},"100":{"start":{"line":414,"column":12},"end":{"line":414,"column":106}},"101":{"start":{"line":416,"column":12},"end":{"line":416,"column":41}},"102":{"start":{"line":417,"column":16},"end":{"line":417,"column":103}},"103":{"start":{"line":418,"column":12},"end":{"line":418,"column":121}},"104":{"start":{"line":420,"column":12},"end":{"line":423,"column":14}},"105":{"start":{"line":432,"column":84},"end":{"line":432,"column":null}},"106":{"start":{"line":434,"column":12},"end":{"line":436,"column":null}},"107":{"start":{"line":435,"column":16},"end":{"line":435,"column":136}},"108":{"start":{"line":438,"column":12},"end":{"line":440,"column":null}},"109":{"start":{"line":439,"column":16},"end":{"line":439,"column":152}},"110":{"start":{"line":441,"column":18},"end":{"line":442,"column":74}},"111":{"start":{"line":443,"column":18},"end":{"line":443,"column":77}},"112":{"start":{"line":445,"column":12},"end":{"line":447,"column":null}},"113":{"start":{"line":446,"column":16},"end":{"line":446,"column":56}},"114":{"start":{"line":448,"column":18},"end":{"line":448,"column":88}},"115":{"start":{"line":449,"column":18},"end":{"line":449,"column":54}},"116":{"start":{"line":450,"column":18},"end":{"line":450,"column":53}},"117":{"start":{"line":454,"column":12},"end":{"line":454,"column":73}},"118":{"start":{"line":456,"column":12},"end":{"line":456,"column":106}},"119":{"start":{"line":458,"column":12},"end":{"line":458,"column":41}},"120":{"start":{"line":459,"column":16},"end":{"line":459,"column":103}},"121":{"start":{"line":460,"column":12},"end":{"line":460,"column":121}},"122":{"start":{"line":461,"column":18},"end":{"line":461,"column":147}},"123":{"start":{"line":462,"column":12},"end":{"line":462,"column":150}},"124":{"start":{"line":464,"column":12},"end":{"line":467,"column":14}},"125":{"start":{"line":476,"column":109},"end":{"line":476,"column":null}},"126":{"start":{"line":478,"column":12},"end":{"line":480,"column":null}},"127":{"start":{"line":479,"column":16},"end":{"line":479,"column":137}},"128":{"start":{"line":482,"column":12},"end":{"line":484,"column":null}},"129":{"start":{"line":483,"column":16},"end":{"line":483,"column":177}},"130":{"start":{"line":485,"column":18},"end":{"line":486,"column":74}},"131":{"start":{"line":487,"column":18},"end":{"line":487,"column":77}},"132":{"start":{"line":489,"column":12},"end":{"line":491,"column":null}},"133":{"start":{"line":490,"column":16},"end":{"line":490,"column":56}},"134":{"start":{"line":492,"column":18},"end":{"line":492,"column":88}},"135":{"start":{"line":493,"column":18},"end":{"line":493,"column":54}},"136":{"start":{"line":494,"column":18},"end":{"line":494,"column":53}},"137":{"start":{"line":498,"column":12},"end":{"line":498,"column":73}},"138":{"start":{"line":500,"column":12},"end":{"line":500,"column":106}},"139":{"start":{"line":502,"column":12},"end":{"line":502,"column":41}},"140":{"start":{"line":503,"column":16},"end":{"line":503,"column":103}},"141":{"start":{"line":504,"column":12},"end":{"line":504,"column":121}},"142":{"start":{"line":505,"column":18},"end":{"line":505,"column":159}},"143":{"start":{"line":506,"column":12},"end":{"line":506,"column":186}},"144":{"start":{"line":508,"column":12},"end":{"line":511,"column":14}},"145":{"start":{"line":520,"column":13},"end":{"line":620,"column":2}},"146":{"start":{"line":521,"column":4},"end":{"line":619,"column":null}},"147":{"start":{"line":529,"column":38},"end":{"line":529,"column":null}},"148":{"start":{"line":529,"column":18},"end":{"line":529,"column":null}},"149":{"start":{"line":530,"column":12},"end":{"line":533,"column":14}},"150":{"start":{"line":530,"column":20},"end":{"line":530,"column":56}},"151":{"start":{"line":530,"column":56},"end":{"line":530,"column":null}},"152":{"start":{"line":531,"column":38},"end":{"line":531,"column":110}},"153":{"start":{"line":532,"column":16},"end":{"line":532,"column":55}},"154":{"start":{"line":543,"column":38},"end":{"line":543,"column":null}},"155":{"start":{"line":543,"column":18},"end":{"line":543,"column":null}},"156":{"start":{"line":544,"column":12},"end":{"line":547,"column":14}},"157":{"start":{"line":544,"column":20},"end":{"line":544,"column":56}},"158":{"start":{"line":544,"column":56},"end":{"line":544,"column":null}},"159":{"start":{"line":545,"column":38},"end":{"line":545,"column":110}},"160":{"start":{"line":546,"column":16},"end":{"line":546,"column":55}},"161":{"start":{"line":556,"column":38},"end":{"line":556,"column":null}},"162":{"start":{"line":556,"column":18},"end":{"line":556,"column":null}},"163":{"start":{"line":557,"column":12},"end":{"line":560,"column":14}},"164":{"start":{"line":557,"column":20},"end":{"line":557,"column":56}},"165":{"start":{"line":557,"column":56},"end":{"line":557,"column":null}},"166":{"start":{"line":558,"column":38},"end":{"line":558,"column":110}},"167":{"start":{"line":559,"column":16},"end":{"line":559,"column":55}},"168":{"start":{"line":569,"column":38},"end":{"line":569,"column":null}},"169":{"start":{"line":569,"column":18},"end":{"line":569,"column":null}},"170":{"start":{"line":570,"column":12},"end":{"line":573,"column":14}},"171":{"start":{"line":570,"column":20},"end":{"line":570,"column":56}},"172":{"start":{"line":570,"column":56},"end":{"line":570,"column":null}},"173":{"start":{"line":571,"column":38},"end":{"line":571,"column":110}},"174":{"start":{"line":572,"column":16},"end":{"line":572,"column":55}},"175":{"start":{"line":585,"column":38},"end":{"line":585,"column":null}},"176":{"start":{"line":585,"column":18},"end":{"line":585,"column":null}},"177":{"start":{"line":586,"column":12},"end":{"line":589,"column":14}},"178":{"start":{"line":586,"column":20},"end":{"line":586,"column":56}},"179":{"start":{"line":586,"column":56},"end":{"line":586,"column":null}},"180":{"start":{"line":587,"column":38},"end":{"line":587,"column":110}},"181":{"start":{"line":588,"column":16},"end":{"line":588,"column":55}},"182":{"start":{"line":599,"column":38},"end":{"line":599,"column":null}},"183":{"start":{"line":599,"column":18},"end":{"line":599,"column":null}},"184":{"start":{"line":600,"column":12},"end":{"line":603,"column":14}},"185":{"start":{"line":600,"column":20},"end":{"line":600,"column":56}},"186":{"start":{"line":600,"column":56},"end":{"line":600,"column":null}},"187":{"start":{"line":601,"column":38},"end":{"line":601,"column":110}},"188":{"start":{"line":602,"column":16},"end":{"line":602,"column":55}},"189":{"start":{"line":613,"column":38},"end":{"line":613,"column":null}},"190":{"start":{"line":613,"column":18},"end":{"line":613,"column":null}},"191":{"start":{"line":614,"column":12},"end":{"line":617,"column":14}},"192":{"start":{"line":614,"column":20},"end":{"line":614,"column":56}},"193":{"start":{"line":614,"column":56},"end":{"line":614,"column":null}},"194":{"start":{"line":615,"column":38},"end":{"line":615,"column":110}},"195":{"start":{"line":616,"column":16},"end":{"line":616,"column":55}},"196":{"start":{"line":626,"column":13},"end":{"line":698,"column":2}},"197":{"start":{"line":627,"column":4},"end":{"line":697,"column":6}},"198":{"start":{"line":635,"column":12},"end":{"line":635,"column":166}},"199":{"start":{"line":635,"column":140},"end":{"line":635,"column":165}},"200":{"start":{"line":645,"column":12},"end":{"line":645,"column":147}},"201":{"start":{"line":645,"column":121},"end":{"line":645,"column":146}},"202":{"start":{"line":654,"column":12},"end":{"line":654,"column":125}},"203":{"start":{"line":654,"column":99},"end":{"line":654,"column":124}},"204":{"start":{"line":663,"column":12},"end":{"line":663,"column":122}},"205":{"start":{"line":663,"column":96},"end":{"line":663,"column":121}},"206":{"start":{"line":675,"column":12},"end":{"line":675,"column":152}},"207":{"start":{"line":675,"column":126},"end":{"line":675,"column":151}},"208":{"start":{"line":685,"column":12},"end":{"line":685,"column":146}},"209":{"start":{"line":685,"column":120},"end":{"line":685,"column":145}},"210":{"start":{"line":695,"column":12},"end":{"line":695,"column":159}},"211":{"start":{"line":695,"column":133},"end":{"line":695,"column":158}},"212":{"start":{"line":706,"column":0},"end":{"line":706,"column":null}},"213":{"start":{"line":706,"column":32},"end":{"line":706,"column":39}},"214":{"start":{"line":714,"column":11},"end":{"line":716,"column":null}},"215":{"start":{"line":714,"column":4},"end":{"line":714,"column":11}},"216":{"start":{"line":715,"column":8},"end":{"line":715,"column":177}},"217":{"start":{"line":715,"column":141},"end":{"line":715,"column":176}},"218":{"start":{"line":726,"column":11},"end":{"line":728,"column":null}},"219":{"start":{"line":726,"column":4},"end":{"line":726,"column":11}},"220":{"start":{"line":727,"column":8},"end":{"line":727,"column":158}},"221":{"start":{"line":727,"column":122},"end":{"line":727,"column":157}},"222":{"start":{"line":737,"column":11},"end":{"line":739,"column":null}},"223":{"start":{"line":737,"column":4},"end":{"line":737,"column":11}},"224":{"start":{"line":738,"column":8},"end":{"line":738,"column":136}},"225":{"start":{"line":738,"column":100},"end":{"line":738,"column":135}},"226":{"start":{"line":748,"column":11},"end":{"line":750,"column":null}},"227":{"start":{"line":748,"column":4},"end":{"line":748,"column":11}},"228":{"start":{"line":749,"column":8},"end":{"line":749,"column":133}},"229":{"start":{"line":749,"column":97},"end":{"line":749,"column":132}},"230":{"start":{"line":762,"column":11},"end":{"line":764,"column":null}},"231":{"start":{"line":762,"column":4},"end":{"line":762,"column":11}},"232":{"start":{"line":763,"column":8},"end":{"line":763,"column":163}},"233":{"start":{"line":763,"column":127},"end":{"line":763,"column":162}},"234":{"start":{"line":774,"column":11},"end":{"line":776,"column":null}},"235":{"start":{"line":774,"column":4},"end":{"line":774,"column":11}},"236":{"start":{"line":775,"column":8},"end":{"line":775,"column":157}},"237":{"start":{"line":775,"column":121},"end":{"line":775,"column":156}},"238":{"start":{"line":786,"column":11},"end":{"line":788,"column":null}},"239":{"start":{"line":786,"column":4},"end":{"line":786,"column":11}},"240":{"start":{"line":787,"column":8},"end":{"line":787,"column":170}},"241":{"start":{"line":787,"column":134},"end":{"line":787,"column":169}},"242":{"start":{"line":790,"column":0},"end":{"line":790,"column":null}},"243":{"start":{"line":706,"column":13},"end":{"line":706,"column":23}}},"fnMap":{"0":{"name":"(anonymous_21)","decl":{"start":{"line":27,"column":0},"end":{"line":27,"column":12}},"loc":{"start":{"line":27,"column":44},"end":{"line":29,"column":1}}},"1":{"name":"(anonymous_22)","decl":{"start":{"line":175,"column":0},"end":{"line":175,"column":12}},"loc":{"start":{"line":175,"column":34},"end":{"line":181,"column":1}}},"2":{"name":"(anonymous_23)","decl":{"start":{"line":213,"column":0},"end":{"line":213,"column":12}},"loc":{"start":{"line":213,"column":62},"end":{"line":215,"column":1}}},"3":{"name":"(anonymous_24)","decl":{"start":{"line":222,"column":43},"end":{"line":222,"column":53}},"loc":{"start":{"line":222,"column":82},"end":{"line":514,"column":1}}},"4":{"name":"(anonymous_25)","decl":{"start":{"line":230,"column":28},"end":{"line":230,"column":35}},"loc":{"start":{"line":230,"column":146},"end":{"line":261,"column":null}}},"5":{"name":"(anonymous_28)","decl":{"start":{"line":269,"column":35},"end":{"line":269,"column":42}},"loc":{"start":{"line":269,"column":103},"end":{"line":305,"column":null}}},"6":{"name":"(anonymous_31)","decl":{"start":{"line":312,"column":28},"end":{"line":312,"column":35}},"loc":{"start":{"line":312,"column":66},"end":{"line":340,"column":null}}},"7":{"name":"(anonymous_34)","decl":{"start":{"line":347,"column":25},"end":{"line":347,"column":32}},"loc":{"start":{"line":347,"column":63},"end":{"line":375,"column":null}}},"8":{"name":"(anonymous_37)","decl":{"start":{"line":385,"column":26},"end":{"line":385,"column":33}},"loc":{"start":{"line":385,"column":138},"end":{"line":424,"column":null}}},"9":{"name":"(anonymous_40)","decl":{"start":{"line":432,"column":35},"end":{"line":432,"column":42}},"loc":{"start":{"line":432,"column":101},"end":{"line":468,"column":null}}},"10":{"name":"(anonymous_43)","decl":{"start":{"line":476,"column":36},"end":{"line":476,"column":43}},"loc":{"start":{"line":476,"column":126},"end":{"line":512,"column":null}}},"11":{"name":"(anonymous_46)","decl":{"start":{"line":520,"column":28},"end":{"line":520,"column":37}},"loc":{"start":{"line":520,"column":66},"end":{"line":620,"column":1}}},"12":{"name":"(anonymous_47)","decl":{"start":{"line":528,"column":8},"end":{"line":528,"column":14}},"loc":{"start":{"line":528,"column":140},"end":{"line":534,"column":null}}},"13":{"name":"(anonymous_50)","decl":{"start":{"line":530,"column":19},"end":{"line":530,"column":20}},"loc":{"start":{"line":530,"column":84},"end":{"line":533,"column":13}}},"14":{"name":"(anonymous_51)","decl":{"start":{"line":542,"column":8},"end":{"line":542,"column":14}},"loc":{"start":{"line":542,"column":97},"end":{"line":548,"column":null}}},"15":{"name":"(anonymous_54)","decl":{"start":{"line":544,"column":19},"end":{"line":544,"column":20}},"loc":{"start":{"line":544,"column":84},"end":{"line":547,"column":13}}},"16":{"name":"(anonymous_55)","decl":{"start":{"line":555,"column":8},"end":{"line":555,"column":14}},"loc":{"start":{"line":555,"column":60},"end":{"line":561,"column":null}}},"17":{"name":"(anonymous_58)","decl":{"start":{"line":557,"column":19},"end":{"line":557,"column":20}},"loc":{"start":{"line":557,"column":84},"end":{"line":560,"column":13}}},"18":{"name":"(anonymous_59)","decl":{"start":{"line":568,"column":8},"end":{"line":568,"column":14}},"loc":{"start":{"line":568,"column":57},"end":{"line":574,"column":null}}},"19":{"name":"(anonymous_62)","decl":{"start":{"line":570,"column":19},"end":{"line":570,"column":20}},"loc":{"start":{"line":570,"column":84},"end":{"line":573,"column":13}}},"20":{"name":"(anonymous_63)","decl":{"start":{"line":584,"column":8},"end":{"line":584,"column":14}},"loc":{"start":{"line":584,"column":132},"end":{"line":590,"column":null}}},"21":{"name":"(anonymous_66)","decl":{"start":{"line":586,"column":19},"end":{"line":586,"column":20}},"loc":{"start":{"line":586,"column":84},"end":{"line":589,"column":13}}},"22":{"name":"(anonymous_67)","decl":{"start":{"line":598,"column":8},"end":{"line":598,"column":14}},"loc":{"start":{"line":598,"column":95},"end":{"line":604,"column":null}}},"23":{"name":"(anonymous_70)","decl":{"start":{"line":600,"column":19},"end":{"line":600,"column":20}},"loc":{"start":{"line":600,"column":84},"end":{"line":603,"column":13}}},"24":{"name":"(anonymous_71)","decl":{"start":{"line":612,"column":8},"end":{"line":612,"column":14}},"loc":{"start":{"line":612,"column":120},"end":{"line":618,"column":null}}},"25":{"name":"(anonymous_74)","decl":{"start":{"line":614,"column":19},"end":{"line":614,"column":20}},"loc":{"start":{"line":614,"column":84},"end":{"line":617,"column":13}}},"26":{"name":"(anonymous_75)","decl":{"start":{"line":626,"column":33},"end":{"line":626,"column":43}},"loc":{"start":{"line":626,"column":114},"end":{"line":698,"column":1}}},"27":{"name":"(anonymous_76)","decl":{"start":{"line":634,"column":8},"end":{"line":634,"column":26}},"loc":{"start":{"line":634,"column":134},"end":{"line":636,"column":9}}},"28":{"name":"(anonymous_77)","decl":{"start":{"line":635,"column":127},"end":{"line":635,"column":128}},"loc":{"start":{"line":635,"column":135},"end":{"line":635,"column":147}}},"29":{"name":"(anonymous_78)","decl":{"start":{"line":644,"column":8},"end":{"line":644,"column":33}},"loc":{"start":{"line":644,"column":91},"end":{"line":646,"column":9}}},"30":{"name":"(anonymous_79)","decl":{"start":{"line":645,"column":108},"end":{"line":645,"column":109}},"loc":{"start":{"line":645,"column":116},"end":{"line":645,"column":128}}},"31":{"name":"(anonymous_80)","decl":{"start":{"line":653,"column":8},"end":{"line":653,"column":26}},"loc":{"start":{"line":653,"column":54},"end":{"line":655,"column":9}}},"32":{"name":"(anonymous_81)","decl":{"start":{"line":654,"column":86},"end":{"line":654,"column":87}},"loc":{"start":{"line":654,"column":94},"end":{"line":654,"column":106}}},"33":{"name":"(anonymous_82)","decl":{"start":{"line":662,"column":8},"end":{"line":662,"column":23}},"loc":{"start":{"line":662,"column":51},"end":{"line":664,"column":9}}},"34":{"name":"(anonymous_83)","decl":{"start":{"line":663,"column":83},"end":{"line":663,"column":84}},"loc":{"start":{"line":663,"column":91},"end":{"line":663,"column":103}}},"35":{"name":"(anonymous_84)","decl":{"start":{"line":674,"column":8},"end":{"line":674,"column":24}},"loc":{"start":{"line":674,"column":126},"end":{"line":676,"column":9}}},"36":{"name":"(anonymous_85)","decl":{"start":{"line":675,"column":113},"end":{"line":675,"column":114}},"loc":{"start":{"line":675,"column":121},"end":{"line":675,"column":133}}},"37":{"name":"(anonymous_86)","decl":{"start":{"line":684,"column":8},"end":{"line":684,"column":33}},"loc":{"start":{"line":684,"column":89},"end":{"line":686,"column":9}}},"38":{"name":"(anonymous_87)","decl":{"start":{"line":685,"column":107},"end":{"line":685,"column":108}},"loc":{"start":{"line":685,"column":115},"end":{"line":685,"column":127}}},"39":{"name":"(anonymous_88)","decl":{"start":{"line":694,"column":8},"end":{"line":694,"column":34}},"loc":{"start":{"line":694,"column":114},"end":{"line":696,"column":9}}},"40":{"name":"(anonymous_89)","decl":{"start":{"line":695,"column":120},"end":{"line":695,"column":121}},"loc":{"start":{"line":695,"column":128},"end":{"line":695,"column":140}}},"41":{"name":"(anonymous_90)","decl":{"start":{"line":706,"column":0},"end":{"line":706,"column":13}},"loc":{"start":{"line":706,"column":0},"end":{"line":790,"column":null}}},"42":{"name":"(anonymous_92)","decl":{"start":{"line":714,"column":4},"end":{"line":714,"column":11}},"loc":{"start":{"line":714,"column":137},"end":{"line":716,"column":5}}},"43":{"name":"(anonymous_93)","decl":{"start":{"line":715,"column":128},"end":{"line":715,"column":129}},"loc":{"start":{"line":715,"column":136},"end":{"line":715,"column":148}}},"44":{"name":"(anonymous_94)","decl":{"start":{"line":726,"column":4},"end":{"line":726,"column":11}},"loc":{"start":{"line":726,"column":94},"end":{"line":728,"column":5}}},"45":{"name":"(anonymous_95)","decl":{"start":{"line":727,"column":109},"end":{"line":727,"column":110}},"loc":{"start":{"line":727,"column":117},"end":{"line":727,"column":129}}},"46":{"name":"(anonymous_96)","decl":{"start":{"line":737,"column":4},"end":{"line":737,"column":11}},"loc":{"start":{"line":737,"column":57},"end":{"line":739,"column":5}}},"47":{"name":"(anonymous_97)","decl":{"start":{"line":738,"column":87},"end":{"line":738,"column":88}},"loc":{"start":{"line":738,"column":95},"end":{"line":738,"column":107}}},"48":{"name":"(anonymous_98)","decl":{"start":{"line":748,"column":4},"end":{"line":748,"column":11}},"loc":{"start":{"line":748,"column":54},"end":{"line":750,"column":5}}},"49":{"name":"(anonymous_99)","decl":{"start":{"line":749,"column":84},"end":{"line":749,"column":85}},"loc":{"start":{"line":749,"column":92},"end":{"line":749,"column":104}}},"50":{"name":"(anonymous_100)","decl":{"start":{"line":762,"column":4},"end":{"line":762,"column":11}},"loc":{"start":{"line":762,"column":129},"end":{"line":764,"column":5}}},"51":{"name":"(anonymous_101)","decl":{"start":{"line":763,"column":114},"end":{"line":763,"column":115}},"loc":{"start":{"line":763,"column":122},"end":{"line":763,"column":134}}},"52":{"name":"(anonymous_102)","decl":{"start":{"line":774,"column":4},"end":{"line":774,"column":11}},"loc":{"start":{"line":774,"column":92},"end":{"line":776,"column":5}}},"53":{"name":"(anonymous_103)","decl":{"start":{"line":775,"column":108},"end":{"line":775,"column":109}},"loc":{"start":{"line":775,"column":116},"end":{"line":775,"column":128}}},"54":{"name":"(anonymous_104)","decl":{"start":{"line":786,"column":4},"end":{"line":786,"column":11}},"loc":{"start":{"line":786,"column":117},"end":{"line":788,"column":5}}},"55":{"name":"(anonymous_105)","decl":{"start":{"line":787,"column":121},"end":{"line":787,"column":122}},"loc":{"start":{"line":787,"column":129},"end":{"line":787,"column":141}}}},"branchMap":{"0":{"loc":{"start":{"line":27,"column":12},"end":{"line":27,"column":44}},"type":"binary-expr","locations":[{"start":{"line":27,"column":12},"end":{"line":27,"column":44}},{"start":{"line":27,"column":12},"end":{"line":27,"column":null}}]},"1":{"loc":{"start":{"line":175,"column":12},"end":{"line":175,"column":34}},"type":"binary-expr","locations":[{"start":{"line":175,"column":12},"end":{"line":175,"column":34}},{"start":{"line":175,"column":12},"end":{"line":175,"column":null}}]},"2":{"loc":{"start":{"line":213,"column":12},"end":{"line":213,"column":62}},"type":"binary-expr","locations":[{"start":{"line":213,"column":12},"end":{"line":213,"column":62}},{"start":{"line":213,"column":12},"end":{"line":213,"column":null}}]},"3":{"loc":{"start":{"line":230,"column":129},"end":{"line":230,"column":null}},"type":"if","locations":[{"start":{"line":230,"column":129},"end":{"line":230,"column":null}},{"start":{"line":230,"column":129},"end":{"line":230,"column":null}}]},"4":{"loc":{"start":{"line":232,"column":12},"end":{"line":234,"column":null}},"type":"if","locations":[{"start":{"line":232,"column":12},"end":{"line":234,"column":null}},{"start":{"line":232,"column":12},"end":{"line":234,"column":null}}]},"5":{"loc":{"start":{"line":232,"column":16},"end":{"line":232,"column":70}},"type":"binary-expr","locations":[{"start":{"line":232,"column":16},"end":{"line":232,"column":70}},{"start":{"line":232,"column":74},"end":{"line":232,"column":133}}]},"6":{"loc":{"start":{"line":238,"column":12},"end":{"line":240,"column":null}},"type":"if","locations":[{"start":{"line":238,"column":12},"end":{"line":240,"column":null}},{"start":{"line":238,"column":12},"end":{"line":240,"column":null}}]},"7":{"loc":{"start":{"line":252,"column":78},"end":{"line":252,"column":97}},"type":"cond-expr","locations":[{"start":{"line":252,"column":78},"end":{"line":252,"column":97}},{"start":{"line":252,"column":100},"end":{"line":252,"column":102}}]},"8":{"loc":{"start":{"line":252,"column":41},"end":{"line":252,"column":52}},"type":"binary-expr","locations":[{"start":{"line":252,"column":41},"end":{"line":252,"column":52}},{"start":{"line":252,"column":56},"end":{"line":252,"column":75}}]},"9":{"loc":{"start":{"line":254,"column":40},"end":{"line":254,"column":105}},"type":"binary-expr","locations":[{"start":{"line":254,"column":40},"end":{"line":254,"column":105}},{"start":{"line":254,"column":110},"end":{"line":254,"column":179}}]},"10":{"loc":{"start":{"line":255,"column":64},"end":{"line":255,"column":192}},"type":"cond-expr","locations":[{"start":{"line":255,"column":64},"end":{"line":255,"column":192}},{"start":{"line":255,"column":196},"end":{"line":255,"column":247}}]},"11":{"loc":{"start":{"line":255,"column":141},"end":{"line":255,"column":186}},"type":"cond-expr","locations":[{"start":{"line":255,"column":141},"end":{"line":255,"column":186}},{"start":{"line":255,"column":189},"end":{"line":255,"column":191}}]},"12":{"loc":{"start":{"line":255,"column":196},"end":{"line":255,"column":241}},"type":"binary-expr","locations":[{"start":{"line":255,"column":196},"end":{"line":255,"column":241}},{"start":{"line":255,"column":245},"end":{"line":255,"column":247}}]},"13":{"loc":{"start":{"line":269,"column":86},"end":{"line":269,"column":null}},"type":"if","locations":[{"start":{"line":269,"column":86},"end":{"line":269,"column":null}},{"start":{"line":269,"column":86},"end":{"line":269,"column":null}}]},"14":{"loc":{"start":{"line":271,"column":12},"end":{"line":273,"column":null}},"type":"if","locations":[{"start":{"line":271,"column":12},"end":{"line":273,"column":null}},{"start":{"line":271,"column":12},"end":{"line":273,"column":null}}]},"15":{"loc":{"start":{"line":271,"column":16},"end":{"line":271,"column":29}},"type":"binary-expr","locations":[{"start":{"line":271,"column":16},"end":{"line":271,"column":29}},{"start":{"line":271,"column":33},"end":{"line":271,"column":51}}]},"16":{"loc":{"start":{"line":275,"column":12},"end":{"line":277,"column":null}},"type":"if","locations":[{"start":{"line":275,"column":12},"end":{"line":277,"column":null}},{"start":{"line":275,"column":12},"end":{"line":277,"column":null}}]},"17":{"loc":{"start":{"line":275,"column":16},"end":{"line":275,"column":38}},"type":"binary-expr","locations":[{"start":{"line":275,"column":16},"end":{"line":275,"column":38}},{"start":{"line":275,"column":42},"end":{"line":275,"column":69}}]},"18":{"loc":{"start":{"line":282,"column":12},"end":{"line":284,"column":null}},"type":"if","locations":[{"start":{"line":282,"column":12},"end":{"line":284,"column":null}},{"start":{"line":282,"column":12},"end":{"line":284,"column":null}}]},"19":{"loc":{"start":{"line":296,"column":78},"end":{"line":296,"column":97}},"type":"cond-expr","locations":[{"start":{"line":296,"column":78},"end":{"line":296,"column":97}},{"start":{"line":296,"column":100},"end":{"line":296,"column":102}}]},"20":{"loc":{"start":{"line":296,"column":41},"end":{"line":296,"column":52}},"type":"binary-expr","locations":[{"start":{"line":296,"column":41},"end":{"line":296,"column":52}},{"start":{"line":296,"column":56},"end":{"line":296,"column":75}}]},"21":{"loc":{"start":{"line":298,"column":40},"end":{"line":298,"column":73}},"type":"binary-expr","locations":[{"start":{"line":298,"column":40},"end":{"line":298,"column":73}},{"start":{"line":298,"column":78},"end":{"line":298,"column":147}}]},"22":{"loc":{"start":{"line":299,"column":64},"end":{"line":299,"column":128}},"type":"cond-expr","locations":[{"start":{"line":299,"column":64},"end":{"line":299,"column":128}},{"start":{"line":299,"column":132},"end":{"line":299,"column":151}}]},"23":{"loc":{"start":{"line":299,"column":109},"end":{"line":299,"column":122}},"type":"cond-expr","locations":[{"start":{"line":299,"column":109},"end":{"line":299,"column":122}},{"start":{"line":299,"column":125},"end":{"line":299,"column":127}}]},"24":{"loc":{"start":{"line":299,"column":132},"end":{"line":299,"column":145}},"type":"binary-expr","locations":[{"start":{"line":299,"column":132},"end":{"line":299,"column":145}},{"start":{"line":299,"column":149},"end":{"line":299,"column":151}}]},"25":{"loc":{"start":{"line":312,"column":49},"end":{"line":312,"column":null}},"type":"if","locations":[{"start":{"line":312,"column":49},"end":{"line":312,"column":null}},{"start":{"line":312,"column":49},"end":{"line":312,"column":null}}]},"26":{"loc":{"start":{"line":314,"column":12},"end":{"line":316,"column":null}},"type":"if","locations":[{"start":{"line":314,"column":12},"end":{"line":316,"column":null}},{"start":{"line":314,"column":12},"end":{"line":316,"column":null}}]},"27":{"loc":{"start":{"line":314,"column":16},"end":{"line":314,"column":29}},"type":"binary-expr","locations":[{"start":{"line":314,"column":16},"end":{"line":314,"column":29}},{"start":{"line":314,"column":33},"end":{"line":314,"column":51}}]},"28":{"loc":{"start":{"line":321,"column":12},"end":{"line":323,"column":null}},"type":"if","locations":[{"start":{"line":321,"column":12},"end":{"line":323,"column":null}},{"start":{"line":321,"column":12},"end":{"line":323,"column":null}}]},"29":{"loc":{"start":{"line":333,"column":78},"end":{"line":333,"column":97}},"type":"cond-expr","locations":[{"start":{"line":333,"column":78},"end":{"line":333,"column":97}},{"start":{"line":333,"column":100},"end":{"line":333,"column":102}}]},"30":{"loc":{"start":{"line":333,"column":41},"end":{"line":333,"column":52}},"type":"binary-expr","locations":[{"start":{"line":333,"column":41},"end":{"line":333,"column":52}},{"start":{"line":333,"column":56},"end":{"line":333,"column":75}}]},"31":{"loc":{"start":{"line":347,"column":46},"end":{"line":347,"column":null}},"type":"if","locations":[{"start":{"line":347,"column":46},"end":{"line":347,"column":null}},{"start":{"line":347,"column":46},"end":{"line":347,"column":null}}]},"32":{"loc":{"start":{"line":349,"column":12},"end":{"line":351,"column":null}},"type":"if","locations":[{"start":{"line":349,"column":12},"end":{"line":351,"column":null}},{"start":{"line":349,"column":12},"end":{"line":351,"column":null}}]},"33":{"loc":{"start":{"line":349,"column":16},"end":{"line":349,"column":29}},"type":"binary-expr","locations":[{"start":{"line":349,"column":16},"end":{"line":349,"column":29}},{"start":{"line":349,"column":33},"end":{"line":349,"column":51}}]},"34":{"loc":{"start":{"line":356,"column":12},"end":{"line":358,"column":null}},"type":"if","locations":[{"start":{"line":356,"column":12},"end":{"line":358,"column":null}},{"start":{"line":356,"column":12},"end":{"line":358,"column":null}}]},"35":{"loc":{"start":{"line":368,"column":78},"end":{"line":368,"column":97}},"type":"cond-expr","locations":[{"start":{"line":368,"column":78},"end":{"line":368,"column":97}},{"start":{"line":368,"column":100},"end":{"line":368,"column":102}}]},"36":{"loc":{"start":{"line":368,"column":41},"end":{"line":368,"column":52}},"type":"binary-expr","locations":[{"start":{"line":368,"column":41},"end":{"line":368,"column":52}},{"start":{"line":368,"column":56},"end":{"line":368,"column":75}}]},"37":{"loc":{"start":{"line":385,"column":121},"end":{"line":385,"column":null}},"type":"if","locations":[{"start":{"line":385,"column":121},"end":{"line":385,"column":null}},{"start":{"line":385,"column":121},"end":{"line":385,"column":null}}]},"38":{"loc":{"start":{"line":389,"column":12},"end":{"line":391,"column":null}},"type":"if","locations":[{"start":{"line":389,"column":12},"end":{"line":391,"column":null}},{"start":{"line":389,"column":12},"end":{"line":391,"column":null}}]},"39":{"loc":{"start":{"line":396,"column":12},"end":{"line":398,"column":null}},"type":"if","locations":[{"start":{"line":396,"column":12},"end":{"line":398,"column":null}},{"start":{"line":396,"column":12},"end":{"line":398,"column":null}}]},"40":{"loc":{"start":{"line":400,"column":12},"end":{"line":402,"column":null}},"type":"if","locations":[{"start":{"line":400,"column":12},"end":{"line":402,"column":null}},{"start":{"line":400,"column":12},"end":{"line":402,"column":null}}]},"41":{"loc":{"start":{"line":404,"column":12},"end":{"line":406,"column":null}},"type":"if","locations":[{"start":{"line":404,"column":12},"end":{"line":406,"column":null}},{"start":{"line":404,"column":12},"end":{"line":406,"column":null}}]},"42":{"loc":{"start":{"line":408,"column":12},"end":{"line":410,"column":null}},"type":"if","locations":[{"start":{"line":408,"column":12},"end":{"line":410,"column":null}},{"start":{"line":408,"column":12},"end":{"line":410,"column":null}}]},"43":{"loc":{"start":{"line":417,"column":78},"end":{"line":417,"column":97}},"type":"cond-expr","locations":[{"start":{"line":417,"column":78},"end":{"line":417,"column":97}},{"start":{"line":417,"column":100},"end":{"line":417,"column":102}}]},"44":{"loc":{"start":{"line":417,"column":41},"end":{"line":417,"column":52}},"type":"binary-expr","locations":[{"start":{"line":417,"column":41},"end":{"line":417,"column":52}},{"start":{"line":417,"column":56},"end":{"line":417,"column":75}}]},"45":{"loc":{"start":{"line":432,"column":84},"end":{"line":432,"column":null}},"type":"if","locations":[{"start":{"line":432,"column":84},"end":{"line":432,"column":null}},{"start":{"line":432,"column":84},"end":{"line":432,"column":null}}]},"46":{"loc":{"start":{"line":434,"column":12},"end":{"line":436,"column":null}},"type":"if","locations":[{"start":{"line":434,"column":12},"end":{"line":436,"column":null}},{"start":{"line":434,"column":12},"end":{"line":436,"column":null}}]},"47":{"loc":{"start":{"line":434,"column":16},"end":{"line":434,"column":29}},"type":"binary-expr","locations":[{"start":{"line":434,"column":16},"end":{"line":434,"column":29}},{"start":{"line":434,"column":33},"end":{"line":434,"column":51}}]},"48":{"loc":{"start":{"line":438,"column":12},"end":{"line":440,"column":null}},"type":"if","locations":[{"start":{"line":438,"column":12},"end":{"line":440,"column":null}},{"start":{"line":438,"column":12},"end":{"line":440,"column":null}}]},"49":{"loc":{"start":{"line":438,"column":16},"end":{"line":438,"column":37}},"type":"binary-expr","locations":[{"start":{"line":438,"column":16},"end":{"line":438,"column":37}},{"start":{"line":438,"column":41},"end":{"line":438,"column":67}}]},"50":{"loc":{"start":{"line":445,"column":12},"end":{"line":447,"column":null}},"type":"if","locations":[{"start":{"line":445,"column":12},"end":{"line":447,"column":null}},{"start":{"line":445,"column":12},"end":{"line":447,"column":null}}]},"51":{"loc":{"start":{"line":459,"column":78},"end":{"line":459,"column":97}},"type":"cond-expr","locations":[{"start":{"line":459,"column":78},"end":{"line":459,"column":97}},{"start":{"line":459,"column":100},"end":{"line":459,"column":102}}]},"52":{"loc":{"start":{"line":459,"column":41},"end":{"line":459,"column":52}},"type":"binary-expr","locations":[{"start":{"line":459,"column":41},"end":{"line":459,"column":52}},{"start":{"line":459,"column":56},"end":{"line":459,"column":75}}]},"53":{"loc":{"start":{"line":461,"column":40},"end":{"line":461,"column":72}},"type":"binary-expr","locations":[{"start":{"line":461,"column":40},"end":{"line":461,"column":72}},{"start":{"line":461,"column":77},"end":{"line":461,"column":146}}]},"54":{"loc":{"start":{"line":462,"column":64},"end":{"line":462,"column":126}},"type":"cond-expr","locations":[{"start":{"line":462,"column":64},"end":{"line":462,"column":126}},{"start":{"line":462,"column":130},"end":{"line":462,"column":148}}]},"55":{"loc":{"start":{"line":462,"column":108},"end":{"line":462,"column":120}},"type":"cond-expr","locations":[{"start":{"line":462,"column":108},"end":{"line":462,"column":120}},{"start":{"line":462,"column":123},"end":{"line":462,"column":125}}]},"56":{"loc":{"start":{"line":462,"column":130},"end":{"line":462,"column":142}},"type":"binary-expr","locations":[{"start":{"line":462,"column":130},"end":{"line":462,"column":142}},{"start":{"line":462,"column":146},"end":{"line":462,"column":148}}]},"57":{"loc":{"start":{"line":476,"column":109},"end":{"line":476,"column":null}},"type":"if","locations":[{"start":{"line":476,"column":109},"end":{"line":476,"column":null}},{"start":{"line":476,"column":109},"end":{"line":476,"column":null}}]},"58":{"loc":{"start":{"line":478,"column":12},"end":{"line":480,"column":null}},"type":"if","locations":[{"start":{"line":478,"column":12},"end":{"line":480,"column":null}},{"start":{"line":478,"column":12},"end":{"line":480,"column":null}}]},"59":{"loc":{"start":{"line":478,"column":16},"end":{"line":478,"column":29}},"type":"binary-expr","locations":[{"start":{"line":478,"column":16},"end":{"line":478,"column":29}},{"start":{"line":478,"column":33},"end":{"line":478,"column":51}}]},"60":{"loc":{"start":{"line":482,"column":12},"end":{"line":484,"column":null}},"type":"if","locations":[{"start":{"line":482,"column":12},"end":{"line":484,"column":null}},{"start":{"line":482,"column":12},"end":{"line":484,"column":null}}]},"61":{"loc":{"start":{"line":482,"column":16},"end":{"line":482,"column":49}},"type":"binary-expr","locations":[{"start":{"line":482,"column":16},"end":{"line":482,"column":49}},{"start":{"line":482,"column":53},"end":{"line":482,"column":91}}]},"62":{"loc":{"start":{"line":489,"column":12},"end":{"line":491,"column":null}},"type":"if","locations":[{"start":{"line":489,"column":12},"end":{"line":491,"column":null}},{"start":{"line":489,"column":12},"end":{"line":491,"column":null}}]},"63":{"loc":{"start":{"line":503,"column":78},"end":{"line":503,"column":97}},"type":"cond-expr","locations":[{"start":{"line":503,"column":78},"end":{"line":503,"column":97}},{"start":{"line":503,"column":100},"end":{"line":503,"column":102}}]},"64":{"loc":{"start":{"line":503,"column":41},"end":{"line":503,"column":52}},"type":"binary-expr","locations":[{"start":{"line":503,"column":41},"end":{"line":503,"column":52}},{"start":{"line":503,"column":56},"end":{"line":503,"column":75}}]},"65":{"loc":{"start":{"line":505,"column":40},"end":{"line":505,"column":84}},"type":"binary-expr","locations":[{"start":{"line":505,"column":40},"end":{"line":505,"column":84}},{"start":{"line":505,"column":89},"end":{"line":505,"column":158}}]},"66":{"loc":{"start":{"line":506,"column":64},"end":{"line":506,"column":150}},"type":"cond-expr","locations":[{"start":{"line":506,"column":64},"end":{"line":506,"column":150}},{"start":{"line":506,"column":154},"end":{"line":506,"column":184}}]},"67":{"loc":{"start":{"line":506,"column":120},"end":{"line":506,"column":144}},"type":"cond-expr","locations":[{"start":{"line":506,"column":120},"end":{"line":506,"column":144}},{"start":{"line":506,"column":147},"end":{"line":506,"column":149}}]},"68":{"loc":{"start":{"line":506,"column":154},"end":{"line":506,"column":178}},"type":"binary-expr","locations":[{"start":{"line":506,"column":154},"end":{"line":506,"column":178}},{"start":{"line":506,"column":182},"end":{"line":506,"column":184}}]},"69":{"loc":{"start":{"line":529,"column":38},"end":{"line":529,"column":null}},"type":"switch","locations":[{"start":{"line":529,"column":38},"end":{"line":529,"column":null}}]},"70":{"loc":{"start":{"line":530,"column":20},"end":{"line":530,"column":56}},"type":"if","locations":[{"start":{"line":530,"column":20},"end":{"line":530,"column":56}},{"start":{"line":530,"column":20},"end":{"line":530,"column":56}}]},"71":{"loc":{"start":{"line":530,"column":56},"end":{"line":530,"column":null}},"type":"if","locations":[{"start":{"line":530,"column":56},"end":{"line":530,"column":null}},{"start":{"line":530,"column":56},"end":{"line":530,"column":null}}]},"72":{"loc":{"start":{"line":543,"column":38},"end":{"line":543,"column":null}},"type":"switch","locations":[{"start":{"line":543,"column":38},"end":{"line":543,"column":null}}]},"73":{"loc":{"start":{"line":544,"column":20},"end":{"line":544,"column":56}},"type":"if","locations":[{"start":{"line":544,"column":20},"end":{"line":544,"column":56}},{"start":{"line":544,"column":20},"end":{"line":544,"column":56}}]},"74":{"loc":{"start":{"line":544,"column":56},"end":{"line":544,"column":null}},"type":"if","locations":[{"start":{"line":544,"column":56},"end":{"line":544,"column":null}},{"start":{"line":544,"column":56},"end":{"line":544,"column":null}}]},"75":{"loc":{"start":{"line":556,"column":38},"end":{"line":556,"column":null}},"type":"switch","locations":[{"start":{"line":556,"column":38},"end":{"line":556,"column":null}}]},"76":{"loc":{"start":{"line":557,"column":20},"end":{"line":557,"column":56}},"type":"if","locations":[{"start":{"line":557,"column":20},"end":{"line":557,"column":56}},{"start":{"line":557,"column":20},"end":{"line":557,"column":56}}]},"77":{"loc":{"start":{"line":557,"column":56},"end":{"line":557,"column":null}},"type":"if","locations":[{"start":{"line":557,"column":56},"end":{"line":557,"column":null}},{"start":{"line":557,"column":56},"end":{"line":557,"column":null}}]},"78":{"loc":{"start":{"line":569,"column":38},"end":{"line":569,"column":null}},"type":"switch","locations":[{"start":{"line":569,"column":38},"end":{"line":569,"column":null}}]},"79":{"loc":{"start":{"line":570,"column":20},"end":{"line":570,"column":56}},"type":"if","locations":[{"start":{"line":570,"column":20},"end":{"line":570,"column":56}},{"start":{"line":570,"column":20},"end":{"line":570,"column":56}}]},"80":{"loc":{"start":{"line":570,"column":56},"end":{"line":570,"column":null}},"type":"if","locations":[{"start":{"line":570,"column":56},"end":{"line":570,"column":null}},{"start":{"line":570,"column":56},"end":{"line":570,"column":null}}]},"81":{"loc":{"start":{"line":585,"column":38},"end":{"line":585,"column":null}},"type":"switch","locations":[{"start":{"line":585,"column":38},"end":{"line":585,"column":null}}]},"82":{"loc":{"start":{"line":586,"column":20},"end":{"line":586,"column":56}},"type":"if","locations":[{"start":{"line":586,"column":20},"end":{"line":586,"column":56}},{"start":{"line":586,"column":20},"end":{"line":586,"column":56}}]},"83":{"loc":{"start":{"line":586,"column":56},"end":{"line":586,"column":null}},"type":"if","locations":[{"start":{"line":586,"column":56},"end":{"line":586,"column":null}},{"start":{"line":586,"column":56},"end":{"line":586,"column":null}}]},"84":{"loc":{"start":{"line":599,"column":38},"end":{"line":599,"column":null}},"type":"switch","locations":[{"start":{"line":599,"column":38},"end":{"line":599,"column":null}}]},"85":{"loc":{"start":{"line":600,"column":20},"end":{"line":600,"column":56}},"type":"if","locations":[{"start":{"line":600,"column":20},"end":{"line":600,"column":56}},{"start":{"line":600,"column":20},"end":{"line":600,"column":56}}]},"86":{"loc":{"start":{"line":600,"column":56},"end":{"line":600,"column":null}},"type":"if","locations":[{"start":{"line":600,"column":56},"end":{"line":600,"column":null}},{"start":{"line":600,"column":56},"end":{"line":600,"column":null}}]},"87":{"loc":{"start":{"line":613,"column":38},"end":{"line":613,"column":null}},"type":"switch","locations":[{"start":{"line":613,"column":38},"end":{"line":613,"column":null}}]},"88":{"loc":{"start":{"line":614,"column":20},"end":{"line":614,"column":56}},"type":"if","locations":[{"start":{"line":614,"column":20},"end":{"line":614,"column":56}},{"start":{"line":614,"column":20},"end":{"line":614,"column":56}}]},"89":{"loc":{"start":{"line":614,"column":56},"end":{"line":614,"column":null}},"type":"if","locations":[{"start":{"line":614,"column":56},"end":{"line":614,"column":null}},{"start":{"line":614,"column":56},"end":{"line":614,"column":null}}]}},"s":{"0":1,"1":1,"2":1,"3":1,"4":1,"5":1,"6":1,"7":1,"8":1,"9":1,"10":1,"11":1,"12":1,"13":1,"14":7,"15":7,"16":2,"17":1,"18":0,"19":1,"20":1,"21":1,"22":0,"23":1,"24":1,"25":1,"26":1,"27":1,"28":1,"29":1,"30":1,"31":1,"32":1,"33":1,"34":2,"35":1,"36":0,"37":1,"38":0,"39":1,"40":1,"41":1,"42":0,"43":1,"44":1,"45":1,"46":1,"47":1,"48":1,"49":1,"50":1,"51":1,"52":1,"53":1,"54":2,"55":1,"56":0,"57":1,"58":1,"59":1,"60":0,"61":1,"62":1,"63":1,"64":1,"65":1,"66":1,"67":1,"68":1,"69":2,"70":1,"71":0,"72":1,"73":1,"74":1,"75":0,"76":1,"77":1,"78":1,"79":1,"80":1,"81":1,"82":1,"83":1,"84":4,"85":2,"86":2,"87":2,"88":0,"89":2,"90":2,"91":2,"92":2,"93":1,"94":2,"95":0,"96":2,"97":0,"98":2,"99":0,"100":2,"101":2,"102":2,"103":2,"104":2,"105":2,"106":1,"107":0,"108":1,"109":0,"110":1,"111":1,"112":1,"113":0,"114":1,"115":1,"116":1,"117":1,"118":1,"119":1,"120":1,"121":1,"122":1,"123":1,"124":1,"125":0,"126":0,"127":0,"128":0,"129":0,"130":0,"131":0,"132":0,"133":0,"134":0,"135":0,"136":0,"137":0,"138":0,"139":0,"140":0,"141":0,"142":0,"143":0,"144":0,"145":1,"146":7,"147":1,"148":1,"149":1,"150":1,"151":1,"152":1,"153":1,"154":1,"155":1,"156":1,"157":1,"158":1,"159":1,"160":1,"161":1,"162":1,"163":1,"164":1,"165":1,"166":1,"167":1,"168":1,"169":1,"170":1,"171":1,"172":1,"173":1,"174":1,"175":2,"176":2,"177":2,"178":2,"179":2,"180":2,"181":2,"182":1,"183":1,"184":1,"185":1,"186":1,"187":1,"188":1,"189":0,"190":0,"191":0,"192":0,"193":0,"194":0,"195":0,"196":1,"197":0,"198":0,"199":0,"200":0,"201":0,"202":0,"203":0,"204":0,"205":0,"206":0,"207":0,"208":0,"209":0,"210":0,"211":0,"212":1,"213":1,"214":1,"215":1,"216":1,"217":1,"218":1,"219":1,"220":1,"221":1,"222":1,"223":1,"224":1,"225":1,"226":1,"227":1,"228":1,"229":1,"230":1,"231":2,"232":2,"233":2,"234":1,"235":1,"236":1,"237":1,"238":1,"239":0,"240":0,"241":0,"242":1,"243":1},"f":{"0":1,"1":1,"2":1,"3":7,"4":1,"5":1,"6":1,"7":1,"8":2,"9":1,"10":0,"11":7,"12":1,"13":1,"14":1,"15":1,"16":1,"17":1,"18":1,"19":1,"20":2,"21":2,"22":1,"23":1,"24":0,"25":0,"26":0,"27":0,"28":0,"29":0,"30":0,"31":0,"32":0,"33":0,"34":0,"35":0,"36":0,"37":0,"38":0,"39":0,"40":0,"41":2,"42":1,"43":1,"44":1,"45":1,"46":1,"47":1,"48":1,"49":1,"50":2,"51":2,"52":1,"53":1,"54":0,"55":0},"b":{"0":[1,1],"1":[1,1],"2":[1,1],"3":[1,0],"4":[0,1],"5":[1,1],"6":[0,1],"7":[0,1],"8":[1,0],"9":[1,0],"10":[1,0],"11":[1,0],"12":[0,0],"13":[1,0],"14":[0,1],"15":[1,1],"16":[0,1],"17":[1,1],"18":[0,1],"19":[0,1],"20":[1,0],"21":[1,0],"22":[1,0],"23":[1,0],"24":[0,0],"25":[1,0],"26":[0,1],"27":[1,1],"28":[0,1],"29":[0,1],"30":[1,0],"31":[1,0],"32":[0,1],"33":[1,1],"34":[0,1],"35":[0,1],"36":[1,0],"37":[2,0],"38":[0,2],"39":[1,1],"40":[0,2],"41":[0,2],"42":[0,2],"43":[0,2],"44":[2,0],"45":[1,0],"46":[0,1],"47":[1,1],"48":[0,1],"49":[1,1],"50":[0,1],"51":[0,1],"52":[1,0],"53":[1,0],"54":[1,0],"55":[1,0],"56":[0,0],"57":[0,0],"58":[0,0],"59":[0,0],"60":[0,0],"61":[0,0],"62":[0,0],"63":[0,0],"64":[0,0],"65":[0,0],"66":[0,0],"67":[0,0],"68":[0,0],"69":[1],"70":[0,1],"71":[0,1],"72":[1],"73":[0,1],"74":[0,1],"75":[1],"76":[0,1],"77":[0,1],"78":[1],"79":[0,1],"80":[0,1],"81":[2],"82":[0,2],"83":[0,2],"84":[1],"85":[0,1],"86":[0,1],"87":[0],"88":[0,0],"89":[0,0]}}
,"C:\\Scratchpad\\example-repo\\vanilla-gen\\base.ts": {"path":"C:\\Scratchpad\\example-repo\\vanilla-gen\\base.ts","statementMap":{"0":{"start":{"line":18,"column":0},"end":{"line":18,"column":65}},"1":{"start":{"line":20,"column":13},"end":{"line":20,"column":49}},"2":{"start":{"line":26,"column":13},"end":{"line":31,"column":2}},"3":{"start":{"line":48,"column":0},"end":{"line":48,"column":13}},"4":{"start":{"line":51,"column":57},"end":{"line":51,"column":97}},"5":{"start":{"line":51,"column":97},"end":{"line":51,"column":null}},"6":{"start":{"line":51,"column":57},"end":{"line":51,"column":76}},"7":{"start":{"line":51,"column":97},"end":{"line":51,"column":120}},"8":{"start":{"line":52,"column":8},"end":{"line":55,"column":null}},"9":{"start":{"line":53,"column":12},"end":{"line":53,"column":47}},"10":{"start":{"line":54,"column":12},"end":{"line":54,"column":68}},"11":{"start":{"line":57,"column":0},"end":{"line":57,"column":2}},"12":{"start":{"line":48,"column":13},"end":{"line":48,"column":20}},"13":{"start":{"line":65,"column":0},"end":{"line":65,"column":null}},"14":{"start":{"line":65,"column":35},"end":{"line":65,"column":40}},"15":{"start":{"line":68,"column":8},"end":{"line":68,"column":null}},"16":{"start":{"line":67,"column":23},"end":{"line":67,"column":36}},"17":{"start":{"line":66,"column":4},"end":{"line":66,"column":44}},"18":{"start":{"line":70,"column":0},"end":{"line":70,"column":null}},"19":{"start":{"line":65,"column":13},"end":{"line":65,"column":26}}},"fnMap":{"0":{"name":"(anonymous_6)","decl":{"start":{"line":48,"column":0},"end":{"line":48,"column":13}},"loc":{"start":{"line":48,"column":0},"end":{"line":57,"column":1}}},"1":{"name":"BaseAPI","decl":{"start":{"line":51,"column":4},"end":{"line":51,"column":16}},"loc":{"start":{"line":51,"column":131},"end":{"line":56,"column":5}}},"2":{"name":"(anonymous_8)","decl":{"start":{"line":65,"column":0},"end":{"line":65,"column":13}},"loc":{"start":{"line":65,"column":0},"end":{"line":70,"column":null}}},"3":{"name":"RequiredError","decl":{"start":{"line":67,"column":4},"end":{"line":67,"column":23}},"loc":{"start":{"line":67,"column":50},"end":{"line":69,"column":5}}}},"branchMap":{"0":{"loc":{"start":{"line":51,"column":57},"end":{"line":51,"column":97}},"type":"if","locations":[{"start":{"line":51,"column":57},"end":{"line":51,"column":97}},{"start":{"line":51,"column":57},"end":{"line":51,"column":97}}]},"1":{"loc":{"start":{"line":51,"column":97},"end":{"line":51,"column":null}},"type":"if","locations":[{"start":{"line":51,"column":97},"end":{"line":51,"column":null}},{"start":{"line":51,"column":97},"end":{"line":51,"column":null}}]},"2":{"loc":{"start":{"line":52,"column":8},"end":{"line":55,"column":null}},"type":"if","locations":[{"start":{"line":52,"column":8},"end":{"line":55,"column":null}},{"start":{"line":52,"column":8},"end":{"line":55,"column":null}}]},"3":{"loc":{"start":{"line":54,"column":28},"end":{"line":54,"column":50}},"type":"binary-expr","locations":[{"start":{"line":54,"column":28},"end":{"line":54,"column":50}},{"start":{"line":54,"column":54},"end":{"line":54,"column":67}}]},"4":{"loc":{"start":{"line":68,"column":8},"end":{"line":68,"column":18}},"type":"binary-expr","locations":[{"start":{"line":68,"column":8},"end":{"line":68,"column":18}},{"start":{"line":68,"column":18},"end":{"line":68,"column":null}}]}},"s":{"0":1,"1":1,"2":1,"3":1,"4":2,"5":2,"6":1,"7":1,"8":1,"9":0,"10":0,"11":1,"12":1,"13":1,"14":1,"15":0,"16":0,"17":0,"18":1,"19":1},"f":{"0":1,"1":1,"2":1,"3":0},"b":{"0":[1,0],"1":[1,0],"2":[0,1],"3":[0,0],"4":[0,0]}}
,"C:\\Scratchpad\\example-repo\\vanilla-gen\\configuration.ts": {"path":"C:\\Scratchpad\\example-repo\\vanilla-gen\\configuration.ts","statementMap":{"0":{"start":{"line":24,"column":0},"end":{"line":24,"column":13}},"1":{"start":{"line":67,"column":16},"end":{"line":67,"column":null}},"2":{"start":{"line":68,"column":8},"end":{"line":68,"column":35}},"3":{"start":{"line":69,"column":8},"end":{"line":69,"column":39}},"4":{"start":{"line":70,"column":8},"end":{"line":70,"column":39}},"5":{"start":{"line":71,"column":8},"end":{"line":71,"column":45}},"6":{"start":{"line":72,"column":8},"end":{"line":72,"column":39}},"7":{"start":{"line":73,"column":8},"end":{"line":73,"column":45}},"8":{"start":{"line":75,"column":0},"end":{"line":75,"column":null}},"9":{"start":{"line":24,"column":13},"end":{"line":24,"column":26}}},"fnMap":{"0":{"name":"(anonymous_0)","decl":{"start":{"line":24,"column":0},"end":{"line":24,"column":13}},"loc":{"start":{"line":24,"column":0},"end":{"line":75,"column":null}}},"1":{"name":"Configuration","decl":{"start":{"line":67,"column":4},"end":{"line":67,"column":16}},"loc":{"start":{"line":67,"column":51},"end":{"line":74,"column":5}}}},"branchMap":{"0":{"loc":{"start":{"line":67,"column":16},"end":{"line":67,"column":null}},"type":"if","locations":[{"start":{"line":67,"column":16},"end":{"line":67,"column":null}},{"start":{"line":67,"column":16},"end":{"line":67,"column":null}}]}},"s":{"0":1,"1":0,"2":0,"3":0,"4":0,"5":0,"6":0,"7":0,"8":1,"9":1},"f":{"0":1,"1":0},"b":{"0":[0,0]}}
,"C:\\Scratchpad\\example-repo\\vanilla-gen\\index.ts": {"path":"C:\\Scratchpad\\example-repo\\vanilla-gen\\index.ts","statementMap":{"0":{"start":{"line":15,"column":0},"end":{"line":15,"column":22}},"1":{"start":{"line":16,"column":0},"end":{"line":16,"column":32}}},"fnMap":{},"branchMap":{},"s":{"0":1,"1":1},"f":{},"b":{}}
,"C:\\Scratchpad\\example-repo\\vanilla-gen\\jest.config.ts": {"path":"C:\\Scratchpad\\example-repo\\vanilla-gen\\jest.config.ts","statementMap":{"0":{"start":{"line":2,"column":0},"end":{"line":11,"column":2}}},"fnMap":{},"branchMap":{},"s":{"0":0},"f":{},"b":{}}
}
