TN:
SF:api.ts
FN:27,(anonymous_21)
FN:175,(anonymous_22)
FN:213,(anonymous_23)
FN:222,(anonymous_24)
FN:230,(anonymous_25)
FN:269,(anonymous_28)
FN:312,(anonymous_31)
FN:347,(anonymous_34)
FN:385,(anonymous_37)
FN:432,(anonymous_40)
FN:476,(anonymous_43)
FN:520,(anonymous_46)
FN:528,(anonymous_47)
FN:530,(anonymous_50)
FN:542,(anonymous_51)
FN:544,(anonymous_54)
FN:555,(anonymous_55)
FN:557,(anonymous_58)
FN:568,(anonymous_59)
FN:570,(anonymous_62)
FN:584,(anonymous_63)
FN:586,(anonymous_66)
FN:598,(anonymous_67)
FN:600,(anonymous_70)
FN:612,(anonymous_71)
FN:614,(anonymous_74)
FN:626,(anonymous_75)
FN:634,(anonymous_76)
FN:635,(anonymous_77)
FN:644,(anonymous_78)
FN:645,(anonymous_79)
FN:653,(anonymous_80)
FN:654,(anonymous_81)
FN:662,(anonymous_82)
FN:663,(anonymous_83)
FN:674,(anonymous_84)
FN:675,(anonymous_85)
FN:684,(anonymous_86)
FN:685,(anonymous_87)
FN:694,(anonymous_88)
FN:695,(anonymous_89)
FN:706,(anonymous_90)
FN:714,(anonymous_92)
FN:715,(anonymous_93)
FN:726,(anonymous_94)
FN:727,(anonymous_95)
FN:737,(anonymous_96)
FN:738,(anonymous_97)
FN:748,(anonymous_98)
FN:749,(anonymous_99)
FN:762,(anonymous_100)
FN:763,(anonymous_101)
FN:774,(anonymous_102)
FN:775,(anonymous_103)
FN:786,(anonymous_104)
FN:787,(anonymous_105)
FNF:56
FNH:36
FNDA:1,(anonymous_21)
FNDA:1,(anonymous_22)
FNDA:1,(anonymous_23)
FNDA:7,(anonymous_24)
FNDA:1,(anonymous_25)
FNDA:1,(anonymous_28)
FNDA:1,(anonymous_31)
FNDA:1,(anonymous_34)
FNDA:2,(anonymous_37)
FNDA:1,(anonymous_40)
FNDA:0,(anonymous_43)
FNDA:7,(anonymous_46)
FNDA:1,(anonymous_47)
FNDA:1,(anonymous_50)
FNDA:1,(anonymous_51)
FNDA:1,(anonymous_54)
FNDA:1,(anonymous_55)
FNDA:1,(anonymous_58)
FNDA:1,(anonymous_59)
FNDA:1,(anonymous_62)
FNDA:2,(anonymous_63)
FNDA:2,(anonymous_66)
FNDA:1,(anonymous_67)
FNDA:1,(anonymous_70)
FNDA:0,(anonymous_71)
FNDA:0,(anonymous_74)
FNDA:0,(anonymous_75)
FNDA:0,(anonymous_76)
FNDA:0,(anonymous_77)
FNDA:0,(anonymous_78)
FNDA:0,(anonymous_79)
FNDA:0,(anonymous_80)
FNDA:0,(anonymous_81)
FNDA:0,(anonymous_82)
FNDA:0,(anonymous_83)
FNDA:0,(anonymous_84)
FNDA:0,(anonymous_85)
FNDA:0,(anonymous_86)
FNDA:0,(anonymous_87)
FNDA:0,(anonymous_88)
FNDA:0,(anonymous_89)
FNDA:2,(anonymous_90)
FNDA:1,(anonymous_92)
FNDA:1,(anonymous_93)
FNDA:1,(anonymous_94)
FNDA:1,(anonymous_95)
FNDA:1,(anonymous_96)
FNDA:1,(anonymous_97)
FNDA:1,(anonymous_98)
FNDA:1,(anonymous_99)
FNDA:2,(anonymous_100)
FNDA:2,(anonymous_101)
FNDA:1,(anonymous_102)
FNDA:1,(anonymous_103)
FNDA:0,(anonymous_104)
FNDA:0,(anonymous_105)
DA:15,1
DA:17,1
DA:20,1
DA:27,1
DA:28,1
DA:175,1
DA:176,1
DA:177,1
DA:178,1
DA:179,1
DA:180,1
DA:213,1
DA:214,1
DA:222,7
DA:223,7
DA:230,2
DA:232,1
DA:233,0
DA:235,1
DA:236,1
DA:238,1
DA:239,0
DA:241,1
DA:242,1
DA:243,1
DA:247,1
DA:249,1
DA:251,1
DA:252,1
DA:253,1
DA:254,1
DA:255,1
DA:257,1
DA:269,2
DA:271,1
DA:272,0
DA:275,1
DA:276,0
DA:278,1
DA:280,1
DA:282,1
DA:283,0
DA:285,1
DA:286,1
DA:287,1
DA:291,1
DA:293,1
DA:295,1
DA:296,1
DA:297,1
DA:298,1
DA:299,1
DA:301,1
DA:312,2
DA:314,1
DA:315,0
DA:317,1
DA:319,1
DA:321,1
DA:322,0
DA:324,1
DA:325,1
DA:326,1
DA:330,1
DA:332,1
DA:333,1
DA:334,1
DA:336,1
DA:347,2
DA:349,1
DA:350,0
DA:352,1
DA:354,1
DA:356,1
DA:357,0
DA:359,1
DA:360,1
DA:361,1
DA:365,1
DA:367,1
DA:368,1
DA:369,1
DA:371,1
DA:385,4
DA:386,2
DA:387,2
DA:389,2
DA:390,0
DA:392,2
DA:393,2
DA:394,2
DA:396,2
DA:397,1
DA:400,2
DA:401,0
DA:404,2
DA:405,0
DA:408,2
DA:409,0
DA:414,2
DA:416,2
DA:417,2
DA:418,2
DA:420,2
DA:432,2
DA:434,1
DA:435,0
DA:438,1
DA:439,0
DA:441,1
DA:443,1
DA:445,1
DA:446,0
DA:448,1
DA:449,1
DA:450,1
DA:454,1
DA:456,1
DA:458,1
DA:459,1
DA:460,1
DA:461,1
DA:462,1
DA:464,1
DA:476,0
DA:478,0
DA:479,0
DA:482,0
DA:483,0
DA:485,0
DA:487,0
DA:489,0
DA:490,0
DA:492,0
DA:493,0
DA:494,0
DA:498,0
DA:500,0
DA:502,0
DA:503,0
DA:504,0
DA:505,0
DA:506,0
DA:508,0
DA:520,1
DA:521,7
DA:529,1
DA:530,1
DA:531,1
DA:532,1
DA:543,1
DA:544,1
DA:545,1
DA:546,1
DA:556,1
DA:557,1
DA:558,1
DA:559,1
DA:569,1
DA:570,1
DA:571,1
DA:572,1
DA:585,2
DA:586,2
DA:587,2
DA:588,2
DA:599,1
DA:600,1
DA:601,1
DA:602,1
DA:613,0
DA:614,0
DA:615,0
DA:616,0
DA:626,1
DA:627,0
DA:635,0
DA:645,0
DA:654,0
DA:663,0
DA:675,0
DA:685,0
DA:695,0
DA:706,1
DA:714,1
DA:715,1
DA:726,1
DA:727,1
DA:737,1
DA:738,1
DA:748,1
DA:749,1
DA:762,2
DA:763,2
DA:774,1
DA:775,1
DA:786,1
DA:787,0
DA:790,1
LF:199
LH:150
BRDA:27,0,0,1
BRDA:27,0,1,1
BRDA:175,1,0,1
BRDA:175,1,1,1
BRDA:213,2,0,1
BRDA:213,2,1,1
BRDA:230,3,0,1
BRDA:230,3,1,0
BRDA:232,4,0,0
BRDA:232,4,1,1
BRDA:232,5,0,1
BRDA:232,5,1,1
BRDA:238,6,0,0
BRDA:238,6,1,1
BRDA:252,7,0,0
BRDA:252,7,1,1
BRDA:252,8,0,1
BRDA:252,8,1,0
BRDA:254,9,0,1
BRDA:254,9,1,0
BRDA:255,10,0,1
BRDA:255,10,1,0
BRDA:255,11,0,1
BRDA:255,11,1,0
BRDA:255,12,0,0
BRDA:255,12,1,0
BRDA:269,13,0,1
BRDA:269,13,1,0
BRDA:271,14,0,0
BRDA:271,14,1,1
BRDA:271,15,0,1
BRDA:271,15,1,1
BRDA:275,16,0,0
BRDA:275,16,1,1
BRDA:275,17,0,1
BRDA:275,17,1,1
BRDA:282,18,0,0
BRDA:282,18,1,1
BRDA:296,19,0,0
BRDA:296,19,1,1
BRDA:296,20,0,1
BRDA:296,20,1,0
BRDA:298,21,0,1
BRDA:298,21,1,0
BRDA:299,22,0,1
BRDA:299,22,1,0
BRDA:299,23,0,1
BRDA:299,23,1,0
BRDA:299,24,0,0
BRDA:299,24,1,0
BRDA:312,25,0,1
BRDA:312,25,1,0
BRDA:314,26,0,0
BRDA:314,26,1,1
BRDA:314,27,0,1
BRDA:314,27,1,1
BRDA:321,28,0,0
BRDA:321,28,1,1
BRDA:333,29,0,0
BRDA:333,29,1,1
BRDA:333,30,0,1
BRDA:333,30,1,0
BRDA:347,31,0,1
BRDA:347,31,1,0
BRDA:349,32,0,0
BRDA:349,32,1,1
BRDA:349,33,0,1
BRDA:349,33,1,1
BRDA:356,34,0,0
BRDA:356,34,1,1
BRDA:368,35,0,0
BRDA:368,35,1,1
BRDA:368,36,0,1
BRDA:368,36,1,0
BRDA:385,37,0,2
BRDA:385,37,1,0
BRDA:389,38,0,0
BRDA:389,38,1,2
BRDA:396,39,0,1
BRDA:396,39,1,1
BRDA:400,40,0,0
BRDA:400,40,1,2
BRDA:404,41,0,0
BRDA:404,41,1,2
BRDA:408,42,0,0
BRDA:408,42,1,2
BRDA:417,43,0,0
BRDA:417,43,1,2
BRDA:417,44,0,2
BRDA:417,44,1,0
BRDA:432,45,0,1
BRDA:432,45,1,0
BRDA:434,46,0,0
BRDA:434,46,1,1
BRDA:434,47,0,1
BRDA:434,47,1,1
BRDA:438,48,0,0
BRDA:438,48,1,1
BRDA:438,49,0,1
BRDA:438,49,1,1
BRDA:445,50,0,0
BRDA:445,50,1,1
BRDA:459,51,0,0
BRDA:459,51,1,1
BRDA:459,52,0,1
BRDA:459,52,1,0
BRDA:461,53,0,1
BRDA:461,53,1,0
BRDA:462,54,0,1
BRDA:462,54,1,0
BRDA:462,55,0,1
BRDA:462,55,1,0
BRDA:462,56,0,0
BRDA:462,56,1,0
BRDA:476,57,0,0
BRDA:476,57,1,0
BRDA:478,58,0,0
BRDA:478,58,1,0
BRDA:478,59,0,0
BRDA:478,59,1,0
BRDA:482,60,0,0
BRDA:482,60,1,0
BRDA:482,61,0,0
BRDA:482,61,1,0
BRDA:489,62,0,0
BRDA:489,62,1,0
BRDA:503,63,0,0
BRDA:503,63,1,0
BRDA:503,64,0,0
BRDA:503,64,1,0
BRDA:505,65,0,0
BRDA:505,65,1,0
BRDA:506,66,0,0
BRDA:506,66,1,0
BRDA:506,67,0,0
BRDA:506,67,1,0
BRDA:506,68,0,0
BRDA:506,68,1,0
BRDA:529,69,0,1
BRDA:530,70,0,0
BRDA:530,70,1,1
BRDA:530,71,0,0
BRDA:530,71,1,1
BRDA:543,72,0,1
BRDA:544,73,0,0
BRDA:544,73,1,1
BRDA:544,74,0,0
BRDA:544,74,1,1
BRDA:556,75,0,1
BRDA:557,76,0,0
BRDA:557,76,1,1
BRDA:557,77,0,0
BRDA:557,77,1,1
BRDA:569,78,0,1
BRDA:570,79,0,0
BRDA:570,79,1,1
BRDA:570,80,0,0
BRDA:570,80,1,1
BRDA:585,81,0,2
BRDA:586,82,0,0
BRDA:586,82,1,2
BRDA:586,83,0,0
BRDA:586,83,1,2
BRDA:599,84,0,1
BRDA:600,85,0,0
BRDA:600,85,1,1
BRDA:600,86,0,0
BRDA:600,86,1,1
BRDA:613,87,0,0
BRDA:614,88,0,0
BRDA:614,88,1,0
BRDA:614,89,0,0
BRDA:614,89,1,0
BRF:173
BRH:83
end_of_record
TN:
SF:base.ts
FN:48,(anonymous_6)
FN:51,BaseAPI
FN:65,(anonymous_8)
FN:67,RequiredError
FNF:4
FNH:3
FNDA:1,(anonymous_6)
FNDA:1,BaseAPI
FNDA:1,(anonymous_8)
FNDA:0,RequiredError
DA:18,1
DA:20,1
DA:26,1
DA:48,1
DA:51,2
DA:52,1
DA:53,0
DA:54,0
DA:57,1
DA:65,1
DA:66,0
DA:67,0
DA:68,0
DA:70,1
LF:14
LH:9
BRDA:51,0,0,1
BRDA:51,0,1,0
BRDA:51,1,0,1
BRDA:51,1,1,0
BRDA:52,2,0,0
BRDA:52,2,1,1
BRDA:54,3,0,0
BRDA:54,3,1,0
BRDA:68,4,0,0
BRDA:68,4,1,0
BRF:10
BRH:3
end_of_record
TN:
SF:configuration.ts
FN:24,(anonymous_0)
FN:67,Configuration
FNF:2
FNH:1
FNDA:1,(anonymous_0)
FNDA:0,Configuration
DA:24,1
DA:67,0
DA:68,0
DA:69,0
DA:70,0
DA:71,0
DA:72,0
DA:73,0
DA:75,1
LF:9
LH:2
BRDA:67,0,0,0
BRDA:67,0,1,0
BRF:2
BRH:0
end_of_record
TN:
SF:index.ts
FNF:0
FNH:0
DA:15,1
DA:16,1
LF:2
LH:2
BRF:0
BRH:0
end_of_record
TN:
SF:jest.config.ts
FNF:0
FNH:0
DA:2,0
LF:1
LH:0
BRF:0
BRH:0
end_of_record
